<?xml version="1.0" encoding="UTF-8"?>
<!-- Generated by org.testng.reporters.JUnitXMLReporter -->
<testsuite hostname="DLLA015P3273" ignored="0" name="Default test" tests="10" failures="0" timestamp="07 May 2020 09:18:56 GMT" time="13.768" errors="0">
  <testcase name="add_new_player_check" time="5.329" classname="dummyTestApis.SnakeAndLadders"/>
  <testcase name="register_player_check" time="2.596" classname="dummyTestApis.SnakeAndLadders"/>
  <testcase name="check_if_there_are_4_players" time="0.326" classname="dummyTestApis.SnakeAndLadders"/>
  <testcase name="check_status_code" time="0.369" classname="dummyTestApis.SnakeAndLadders"/>
  <testcase name="player_already_exists_test" time="0.304" classname="dummyTestApis.SnakeAndLadders"/>
  <testcase name="check_for_delete_player" time="1.561" classname="dummyTestApis.SnakeAndLadders"/>
  <testcase name="check_update_players" time="0.911" classname="dummyTestApis.SnakeAndLadders"/>
  <testcase name="rolldice_check" time="0.966" classname="dummyTestApis.SnakeAndLadders"/>
  <testcase name="test_version_v2_access_check" time="0.743" classname="dummyTestApis.SnakeAndLadders"/>
  <testcase name="invalid_turn_exception" time="0.572" classname="dummyTestApis.SnakeAndLadders"/>
</testsuite> <!-- Default test -->
